0|-> 27 |1
0|  -39 <-|1
2|-> 95 |3
2|  14 <-|3
10|-> 26 |11
10|  -68 <-|11
24|-> 33 |25
24|  -77 <-|25
1|-> 27 |2
1|  14 <-|2
4|-> 80 |5
4|  45 <-|5
7|-> 91 |8
7|  57 <-|8
9|-> 57 |10
9|  -68 <-|10
20|-> 121 |21
20|  90 <-|21
10|-> 57 |11
10|  26 <-|11
13|-> 121 |14
13|  -49 <-|14
23|-> 101 |24
23|  -77 <-|24
24|-> 101 |25
24|  -112 <-|25
25|-> 33 |26
25|  -112 <-|26
17|-> 89 |18
17|  -58 <-|18
20|-> 90 |21
20|  -111 <-|21
21|-> 121 |22
21|  -111 <-|22
21|-> 90 |22
21|  -77 <-|22
22|-> 121 |23
22|  -77 <-|23
25|-> 101 |26
25|  33 <-|26
3|-> 95 |4
3|  45 <-|4
5|-> 80 |6
5|  -99 <-|6
8|-> 91 |9
8|  -68 <-|9
8|-> 80 |9
8|  26 <-|9
9|-> 91 |10
9|  26 <-|10
12|-> 94 |13
12|  -49 <-|13
14|-> 121 |15
14|  -35 <-|15
15|-> -17 |16
15|  -35 <-|16
15|-> 121 |16
10|-> 91 |11
10|  -49 <-|11
11|-> 57 |12
11|  -49 <-|12
12|-> 57 |13
12|  -35 <-|13
13|-> 94 |14
13|  -35 <-|14
15|  -58 <-|16
16|-> -17 |17
16|  -58 <-|17
17|-> -17 |18
17|  -47 <-|18
18|-> 89 |19
18|  -47 <-|19
18|-> -17 |19
18|  -111 <-|19
20|-> 89 |21
20|  -77 <-|21
22|-> 90 |23
22|  -112 <-|23
23|-> 121 |24
23|  -112 <-|24
23|-> 90 |24
23|  33 <-|24
24|-> 121 |25
24|  33 <-|25
25|-> 121 |26
25|  101 <-|26
4|-> 95 |5
4|  -99 <-|5
5|-> 95 |6
5|  57 <-|6
5|-> 57 |6
6|-> 80 |7
6|  57 <-|7
6|-> 95 |7
6|  -68 <-|7
7|-> 80 |8
7|  -68 <-|8
7|-> 95 |8
7|  26 <-|8
23|-> 121 |24
23|  90 <-|24
24|-> 121 |25
24|  101 <-|25
0|-> -39 |1
0|  -99 <-|1
1|-> 14 |2
1|  -99 <-|2
1|-> -39 |2
1|  -68 <-|2
2|-> 27 |3
2|  -99 <-|3
2|-> 14 |3
2|  -68 <-|3
3|-> 45 |4
3|  -99 <-|4
3|-> 27 |4
3|  -68 <-|4
3|-> 14 |4
3|  -49 <-|4
4|-> 45 |5
4|  -68 <-|5
4|-> 27 |5
4|  26 <-|5
4|-> 26 |5
4|  -49 <-|5
4|-> 14 |5
5|  -68 <-|6
5|-> 45 |6
5|  26 <-|6
5|-> 27 |6
5|  -49 <-|6
5|-> 26 |6
5|  -35 <-|6
6|-> 57 |7
6|  26 <-|7
6|-> 45 |7
6|  -49 <-|7
6|-> 27 |7
6|  -35 <-|7
6|-> 26 |7
6|  -58 <-|7
7|-> 57 |8
7|  -49 <-|8
7|-> 45 |8
7|  -35 <-|8
7|-> 27 |8
7|  -58 <-|8
8|-> 95 |9
8|  -49 <-|9
8|-> 57 |9
8|  -35 <-|9
8|-> 45 |9
8|  -58 <-|9
8|-> 27 |9
8|  -47 <-|9
9|-> 80 |10
9|  -49 <-|10
9|-> 95 |10
9|  -35 <-|10
9|-> 57 |10
9|  -58 <-|10
9|-> 45 |10
9|  -47 <-|10
10|-> 80 |11
10|  -35 <-|11
10|-> 95 |11
10|  -58 <-|11
10|-> 57 |11
10|  -47 <-|11
10|-> 45 |11
10|  -111 <-|11
11|-> 91 |12
11|  -35 <-|12
11|-> 80 |12
11|  -58 <-|12
11|-> 95 |12
11|  -47 <-|12
11|-> 57 |12
11|  -111 <-|12
12|-> 91 |13
12|  -58 <-|13
12|-> 80 |13
12|  -47 <-|13
12|-> 95 |13
12|  -111 <-|13
13|-> 57 |14
13|  -58 <-|14
13|-> 91 |14
13|  -47 <-|14
13|-> 80 |14
13|  -111 <-|14
13|-> 95 |14
13|  -77 <-|14
14|-> 94 |15
14|  -58 <-|15
14|-> 57 |15
14|  -47 <-|15
14|-> 91 |15
14|  -111 <-|15
14|-> 80 |15
14|  -77 <-|15
15|-> 94 |16
15|  -47 <-|16
15|-> 57 |16
15|  -111 <-|16
15|-> 91 |16
15|  -77 <-|16
15|-> 80 |16
15|  -112 <-|16
16|-> 121 |17
16|  -47 <-|17
16|-> 94 |17
16|  -111 <-|17
16|-> 57 |17
16|  -77 <-|17
16|-> 91 |17
16|  -112 <-|17
17|-> 121 |18
17|  -111 <-|18
17|-> 94 |18
17|  -77 <-|18
17|-> 57 |18
17|  -112 <-|18
17|-> 91 |18
17|  -17 <-|18
18|-> 121 |19
18|  -77 <-|19
18|-> 94 |19
18|  -112 <-|19
18|-> 57 |19
18|  -17 <-|19
18|-> 91 |19
18|  33 <-|19
19|-> 89 |20
19|  -111 <-|20
19|-> -17 |20
19|  -77 <-|20
19|-> 121 |20
19|  -112 <-|20
19|-> 94 |20
19|  -17 <-|20
19|-> 57 |20
19|  33 <-|20
20|-> -17 |21
20|  -112 <-|21
20|-> 121 |21
20|  -17 <-|21
20|-> 94 |21
20|  33 <-|21
21|-> 89 |22
21|  -112 <-|22
21|-> 121 |22
21|  33 <-|22
21|-> 94 |22
21|  89 <-|22
22|-> 89 |23
22|  33 <-|23
22|-> 121 |23
22|  89 <-|23
22|-> 94 |23
22|  90 <-|23
4|  -35 <-|5
4|-> -35 |5
4|  -58 <-|5
5|-> 14 |6
5|  -58 <-|6
5|-> -35 |6
5|  -47 <-|6
6|-> 14 |7
6|  -47 <-|7
7|-> 26 |8
7|  -47 <-|8
7|-> 14 |8
7|  -111 <-|8
8|-> 26 |9
8|  -111 <-|9
9|-> 27 |10
9|  -111 <-|10
9|-> 26 |10
9|  -77 <-|10
11|-> 45 |12
11|  -77 <-|12
12|-> 57 |13
12|  -77 <-|13
12|-> 45 |13
14|-> 95 |15
14|  -112 <-|15
14|-> 57 |15
14|  -17 <-|15
16|-> 80 |17
16|  -17 <-|17
16|-> 95 |17
16|  33 <-|17
19|-> 91 |20
19|  57 <-|20
20|-> 91 |21
20|  89 <-|21
2|-> -39 |3
2|  -49 <-|3
2|-> -49 |3
2|  -58 <-|3
2|-> -58 |3
2|  -111 <-|3
2|-> -68 |3
2|  -77 <-|3
3|-> -39 |4
3|  -58 <-|4
3|-> -49 |4
3|  -111 <-|4
3|-> -58 |4
3|  -77 <-|4
3|-> -68 |4
3|  -112 <-|4
4|-> -39 |5
4|  -47 <-|5
4|-> -47 |5
4|  -111 <-|5
4|-> -49 |5
4|  -77 <-|5
4|-> -58 |5
4|  -112 <-|5
5|-> -39 |6
5|  -111 <-|6
5|-> -47 |6
5|  -77 <-|6
5|-> -49 |6
5|  -112 <-|6
6|-> -35 |7
6|  -111 <-|7
6|-> -39 |7
6|  -77 <-|7
6|-> -47 |7
6|  -112 <-|7
7|-> -35 |8
7|  -77 <-|8
7|-> -39 |8
7|  -112 <-|8
8|-> 14 |9
8|  -77 <-|9
8|-> -35 |9
8|  -112 <-|9
9|-> 14 |10
9|  -112 <-|10
10|-> 27 |11
10|  -77 <-|11
10|-> 26 |11
10|  -112 <-|11
10|-> 14 |11
10|  -17 <-|11
11|-> 27 |12
11|  -112 <-|12
11|-> 26 |12
11|  -17 <-|12
12|  -112 <-|13
12|-> 27 |13
12|  -17 <-|13
13|-> 57 |14
13|  -112 <-|14
13|-> 45 |14
13|  -17 <-|14
14|-> 45 |15
14|  33 <-|15
15|-> 95 |16
15|  -17 <-|16
15|-> 57 |16
15|  33 <-|16
17|-> 80 |18
17|  33 <-|18
17|-> 95 |18
17|  57 <-|18
18|-> 80 |19
18|  57 <-|19
18|-> 95 |19
18|  80 <-|19
19|-> 95 |20
19|  89 <-|20
20|-> 95 |21
20|  90 <-|21
21|-> 91 |22
21|  90 <-|22
21|-> 95 |22
21|  91 <-|22
22|-> 95 |23
22|  94 <-|23
2|-> -77 |3
2|  -112 <-|3
0|-> -99 |1
0|  -111 <-|1
1|-> -68 |2
1|  -111 <-|2
1|-> -99 |2
1|  -112 <-|2

27 -39 95 14 80 45 -99 91 57 57 26 -68 94 121 -49 -17 -35 89 -58 -47 121 90 -111 101 33 -77 -112 
-111
-112
-99
-77
-68
-58
-49
-47
-39
-35
-17
14
26
27
33
45
57
57
80
89
90
91
94
95
101
121
121
